<?xml version="1.0" ?>
<!DOCTYPE coverage SYSTEM "http://cobertura.sourceforge.net/xml/coverage-04.dtd">
<coverage lines-valid="47" lines-covered="47" line-rate="1" branches-valid="9" branches-covered="8" branch-rate="0.8889" timestamp="1613421663173" complexity="0" version="0.1">
  <sources>
    <source>/home/runner/work/rx-angular/rx-angular</source>
  </sources>
  <packages>
    <package name="zone-config" line-rate="1" branch-rate="0.8889">
      <classes>
        <class name="event-names.ts" filename="libs/cdk/src/lib/zone-config/event-names.ts" line-rate="1" branch-rate="1">
          <methods>
          </methods>
          <lines>
            <line number="6" hits="1" branch="false"/>
            <line number="9" hits="1" branch="false"/>
            <line number="12" hits="1" branch="false"/>
            <line number="16" hits="1" branch="false"/>
            <line number="29" hits="1" branch="false"/>
            <line number="35" hits="1" branch="false"/>
            <line number="41" hits="1" branch="false"/>
            <line number="44" hits="1" branch="false"/>
            <line number="50" hits="1" branch="false"/>
            <line number="80" hits="1" branch="false"/>
            <line number="88" hits="1" branch="false"/>
            <line number="96" hits="1" branch="false"/>
            <line number="98" hits="1" branch="false"/>
            <line number="105" hits="1" branch="false"/>
          </lines>
        </class>
        <class name="zone-config.ts" filename="libs/cdk/src/lib/zone-config/zone-config.ts" line-rate="1" branch-rate="0.8889">
          <methods>
            <method name="createZoneFlagsConfigurator" hits="1" signature="()V">
              <lines>
                <line number="67" hits="1"/>
              </lines>
            </method>
            <method name="(anonymous_1)" hits="24" signature="()V">
              <lines>
                <line number="73" hits="24"/>
              </lines>
            </method>
            <method name="(anonymous_2)" hits="7" signature="()V">
              <lines>
                <line number="79" hits="7"/>
              </lines>
            </method>
            <method name="(anonymous_3)" hits="1" signature="()V">
              <lines>
                <line number="82" hits="1"/>
              </lines>
            </method>
            <method name="(anonymous_4)" hits="31" signature="()V">
              <lines>
                <line number="83" hits="31"/>
              </lines>
            </method>
            <method name="(anonymous_5)" hits="21" signature="()V">
              <lines>
                <line number="92" hits="21"/>
              </lines>
            </method>
            <method name="(anonymous_6)" hits="20" signature="()V">
              <lines>
                <line number="93" hits="20"/>
              </lines>
            </method>
            <method name="(anonymous_7)" hits="1" signature="()V">
              <lines>
                <line number="97" hits="1"/>
              </lines>
            </method>
            <method name="(anonymous_8)" hits="1" signature="()V">
              <lines>
                <line number="98" hits="1"/>
              </lines>
            </method>
            <method name="(anonymous_9)" hits="22" signature="()V">
              <lines>
                <line number="103" hits="22"/>
              </lines>
            </method>
            <method name="(anonymous_10)" hits="3" signature="()V">
              <lines>
                <line number="109" hits="3"/>
              </lines>
            </method>
            <method name="(anonymous_11)" hits="3" signature="()V">
              <lines>
                <line number="110" hits="3"/>
              </lines>
            </method>
            <method name="(anonymous_12)" hits="3" signature="()V">
              <lines>
                <line number="114" hits="3"/>
              </lines>
            </method>
            <method name="(anonymous_13)" hits="3" signature="()V">
              <lines>
                <line number="115" hits="3"/>
              </lines>
            </method>
            <method name="(anonymous_14)" hits="6" signature="()V">
              <lines>
                <line number="120" hits="6"/>
              </lines>
            </method>
            <method name="(anonymous_15)" hits="2" signature="()V">
              <lines>
                <line number="126" hits="2"/>
              </lines>
            </method>
            <method name="(anonymous_16)" hits="2" signature="()V">
              <lines>
                <line number="127" hits="2"/>
              </lines>
            </method>
            <method name="(anonymous_17)" hits="2" signature="()V">
              <lines>
                <line number="136" hits="2"/>
              </lines>
            </method>
            <method name="(anonymous_18)" hits="1" signature="()V">
              <lines>
                <line number="142" hits="1"/>
              </lines>
            </method>
            <method name="(anonymous_19)" hits="1" signature="()V">
              <lines>
                <line number="144" hits="1"/>
              </lines>
            </method>
          </methods>
          <lines>
            <line number="1" hits="1" branch="false"/>
            <line number="51" hits="1" branch="false"/>
            <line number="52" hits="1" branch="false"/>
            <line number="68" hits="1" branch="false"/>
            <line number="69" hits="1" branch="false"/>
            <line number="73" hits="24" branch="false"/>
            <line number="79" hits="7" branch="false"/>
            <line number="82" hits="1" branch="false"/>
            <line number="83" hits="1" branch="false"/>
            <line number="85" hits="31" branch="true" condition-coverage="100% (2/2)"/>
            <line number="89" hits="1" branch="false"/>
            <line number="92" hits="21" branch="false"/>
            <line number="94" hits="20" branch="false"/>
            <line number="97" hits="1" branch="false"/>
            <line number="99" hits="1" branch="false"/>
            <line number="103" hits="22" branch="false"/>
            <line number="109" hits="3" branch="false"/>
            <line number="111" hits="3" branch="false"/>
            <line number="114" hits="3" branch="false"/>
            <line number="116" hits="3" branch="false"/>
            <line number="120" hits="6" branch="false"/>
            <line number="126" hits="2" branch="false"/>
            <line number="128" hits="2" branch="false"/>
            <line number="136" hits="2" branch="false"/>
            <line number="142" hits="1" branch="false"/>
            <line number="145" hits="1" branch="false"/>
            <line number="192" hits="1" branch="false"/>
          </lines>
        </class>
      </classes>
    </package>
    <package name="zone-config.model" line-rate="1" branch-rate="1">
      <classes>
        <class name="configurations.types.ts" filename="libs/cdk/src/lib/zone-config/model/configurations.types.ts" line-rate="1" branch-rate="1">
          <methods>
          </methods>
          <lines>
            <line number="26" hits="1" branch="false"/>
            <line number="56" hits="1" branch="false"/>
            <line number="66" hits="1" branch="false"/>
            <line number="75" hits="1" branch="false"/>
            <line number="86" hits="1" branch="false"/>
            <line number="99" hits="1" branch="false"/>
          </lines>
        </class>
      </classes>
    </package>
  </packages>
</coverage>
