TN:
SF:libs/cdk/src/lib/zone-config/event-names.ts
FNF:0
FNH:0
DA:6,1
DA:9,1
DA:12,1
DA:16,1
DA:29,1
DA:35,1
DA:41,1
DA:44,1
DA:50,1
DA:80,1
DA:88,1
DA:96,1
DA:98,1
DA:105,1
LF:14
LH:14
BRF:0
BRH:0
end_of_record
TN:
SF:libs/cdk/src/lib/zone-config/zone-config.ts
FN:67,createZoneFlagsConfigurator
FN:73,(anonymous_1)
FN:79,(anonymous_2)
FN:82,(anonymous_3)
FN:83,(anonymous_4)
FN:92,(anonymous_5)
FN:93,(anonymous_6)
FN:97,(anonymous_7)
FN:98,(anonymous_8)
FN:103,(anonymous_9)
FN:109,(anonymous_10)
FN:110,(anonymous_11)
FN:114,(anonymous_12)
FN:115,(anonymous_13)
FN:120,(anonymous_14)
FN:126,(anonymous_15)
FN:127,(anonymous_16)
FN:136,(anonymous_17)
FN:142,(anonymous_18)
FN:144,(anonymous_19)
FNF:20
FNH:20
FNDA:1,createZoneFlagsConfigurator
FNDA:24,(anonymous_1)
FNDA:7,(anonymous_2)
FNDA:1,(anonymous_3)
FNDA:31,(anonymous_4)
FNDA:21,(anonymous_5)
FNDA:20,(anonymous_6)
FNDA:1,(anonymous_7)
FNDA:1,(anonymous_8)
FNDA:22,(anonymous_9)
FNDA:3,(anonymous_10)
FNDA:3,(anonymous_11)
FNDA:3,(anonymous_12)
FNDA:3,(anonymous_13)
FNDA:6,(anonymous_14)
FNDA:2,(anonymous_15)
FNDA:2,(anonymous_16)
FNDA:2,(anonymous_17)
FNDA:1,(anonymous_18)
FNDA:1,(anonymous_19)
DA:1,1
DA:51,1
DA:52,1
DA:68,1
DA:69,1
DA:73,24
DA:79,7
DA:82,1
DA:83,1
DA:85,31
DA:89,1
DA:92,21
DA:94,20
DA:97,1
DA:99,1
DA:103,22
DA:109,3
DA:111,3
DA:114,3
DA:116,3
DA:120,6
DA:126,2
DA:128,2
DA:136,2
DA:142,1
DA:145,1
DA:192,1
LF:27
LH:27
BRDA:85,0,0,31
BRDA:85,0,1,30
BRDA:93,1,0,20
BRDA:98,2,0,1
BRDA:110,3,0,3
BRDA:115,4,0,3
BRDA:130,5,0,0
BRDA:130,5,1,2
BRDA:144,6,0,1
BRF:9
BRH:8
end_of_record
TN:
SF:libs/cdk/src/lib/zone-config/model/configurations.types.ts
FNF:0
FNH:0
DA:26,1
DA:56,1
DA:66,1
DA:75,1
DA:86,1
DA:99,1
LF:6
LH:6
BRF:0
BRH:0
end_of_record
